<?xml version="1.0" encoding="UTF-8"?>
<!-- Generated by org.testng.reporters.JUnitReportReporter -->
<testsuite hostname="Digvijay" name="com.TestCasesExecution.LoginPageTest" tests="4" failures="0" timestamp="4 Aug 2018 14:18:32 GMT" time="46.818" errors="0">
  <testcase name="verifyLoginIN" time="23.151" classname="com.TestCasesExecution.LoginPageTest"/>
  <testcase name="ValidateCRMTitle" time="7.396" classname="com.TestCasesExecution.LoginPageTest"/>
  <testcase name="pageRefreshTest" time="8.216" classname="com.TestCasesExecution.LoginPageTest"/>
  <testcase name="verifyLoginTitle" time="8.055" classname="com.TestCasesExecution.LoginPageTest"/>
</testsuite> <!-- com.TestCasesExecution.LoginPageTest -->
