<?xml version="1.0" encoding="UTF-8"?>
<!-- Generated by org.testng.reporters.JUnitReportReporter -->
<testsuite hostname="Digvijay" name="com.TestCasesExecution.LoginPageTest" tests="3" failures="0" timestamp="4 Aug 2018 13:05:49 GMT" time="94.464" errors="0">
  <testcase name="verifyLoginIN" time="47.406" classname="com.TestCasesExecution.LoginPageTest"/>
  <testcase name="ValidateCRMTitle" time="19.480" classname="com.TestCasesExecution.LoginPageTest"/>
  <testcase name="verifyLoginTitle" time="27.578" classname="com.TestCasesExecution.LoginPageTest"/>
</testsuite> <!-- com.TestCasesExecution.LoginPageTest -->
